2025-08-23 12:34:08,582 INFO - hacker entered the system
2025-08-23 12:38:10,569 INFO - your system is hacked
2025-08-23 13:11:26,203 INFO - Starting main program
2025-08-23 13:11:26,203 ERROR - Error Occured
2025-08-23 13:11:26,203 ERROR - ('Custom Error Zero', <module 'sys' (built-in)>)
2025-08-23 13:15:46,856 INFO - Starting main program
2025-08-23 13:15:46,856 INFO - dividing 2 numbers
2025-08-23 13:22:16,246 INFO - Starting main program
2025-08-23 13:22:16,246 ERROR - Error Occured
2025-08-23 13:22:16,246 ERROR - ('Custom Error Zero', <module 'sys' (built-in)>)
2025-08-23 14:15:44,044 INFO - Starting main program
2025-08-23 14:15:44,044 ERROR - Error Occured
2025-08-23 14:15:44,044 ERROR - ('Custom Error Zero', <module 'sys' (built-in)>)
2025-08-23 14:20:53,548 INFO - Starting main program
2025-08-23 14:20:53,548 ERROR - Error Occured
2025-08-23 14:20:53,548 ERROR - ('Custom Error Zero', <module 'sys' (built-in)>)
2025-08-23 14:24:17,072 INFO - Starting main program
2025-08-23 14:24:17,072 ERROR - Error Occured
2025-08-23 14:25:20,727 INFO - Starting main program
2025-08-23 14:25:20,728 ERROR - Error Occured
2025-08-23 14:25:20,728 ERROR - Error in C:\Users\yedug\Desktop\ML_Project\testing.py , line 7 : Custom Error Zero
2025-08-23 16:26:13,547 INFO - Entered the data ingestion method or component
2025-08-23 16:26:13,559 INFO - Read the dataset as dataframe
2025-08-23 16:26:13,575 INFO - Train test split initiated
2025-08-23 16:26:13,597 INFO - Ingestion of the data is completed
